DEPRECATION WARNING: You didn't set `secret_key_base`. Read the upgrade documentation to learn more about this new config option. (called from validate_secret_key_config! at C:/Ruby23-x64/lib/ruby/gems/2.3.0/gems/railties-4.2.1/lib/rails/application.rb:530)
DEPRECATION WARNING: You didn't set `secret_key_base`. Read the upgrade documentation to learn more about this new config option. (called from validate_secret_key_config! at C:/Ruby23-x64/lib/ruby/gems/2.3.0/gems/railties-4.2.1/lib/rails/application.rb:530)
DEPRECATION WARNING: You didn't set `secret_key_base`. Read the upgrade documentation to learn more about this new config option. (called from validate_secret_key_config! at C:/Ruby23-x64/lib/ruby/gems/2.3.0/gems/railties-4.2.1/lib/rails/application.rb:530)
DEPRECATION WARNING: You didn't set `secret_key_base`. Read the upgrade documentation to learn more about this new config option. (called from validate_secret_key_config! at C:/Ruby23-x64/lib/ruby/gems/2.3.0/gems/railties-4.2.1/lib/rails/application.rb:530)
DEPRECATION WARNING: You didn't set `secret_key_base`. Read the upgrade documentation to learn more about this new config option. (called from validate_secret_key_config! at C:/Ruby23-x64/lib/ruby/gems/2.3.0/gems/railties-4.2.1/lib/rails/application.rb:530)
DEPRECATION WARNING: You didn't set `secret_key_base`. Read the upgrade documentation to learn more about this new config option. (called from validate_secret_key_config! at C:/Ruby23-x64/lib/ruby/gems/2.3.0/gems/railties-4.2.1/lib/rails/application.rb:530)
DEPRECATION WARNING: You didn't set `secret_key_base`. Read the upgrade documentation to learn more about this new config option. (called from validate_secret_key_config! at C:/Ruby23-x64/lib/ruby/gems/2.3.0/gems/railties-4.2.1/lib/rails/application.rb:530)
DEPRECATION WARNING: You didn't set `secret_key_base`. Read the upgrade documentation to learn more about this new config option. (called from validate_secret_key_config! at C:/Ruby23-x64/lib/ruby/gems/2.3.0/gems/railties-4.2.1/lib/rails/application.rb:530)


Started GET "/lol" for ::1 at 2016-04-24 22:27:45 -0400

LoadError (Could not load 'active_record/connection_adapters/sqlite3_adapter'. Make sure that the adapter in config/database.yml is valid. If you use an adapter other than 'mysql', 'mysql2', 'postgresql' or 'sqlite3' add the necessary adapter gem to the Gemfile.):
  activesupport (4.2.1) lib/active_support/dependencies.rb:274:in `require'
  activesupport (4.2.1) lib/active_support/dependencies.rb:274:in `block in require'
  activesupport (4.2.1) lib/active_support/dependencies.rb:240:in `load_dependency'
  activesupport (4.2.1) lib/active_support/dependencies.rb:274:in `require'
  activerecord (4.2.1) lib/active_record/connection_adapters/sqlite3_adapter.rb:6:in `<top (required)>'
  activesupport (4.2.1) lib/active_support/dependencies.rb:274:in `require'
  activesupport (4.2.1) lib/active_support/dependencies.rb:274:in `block in require'
  activesupport (4.2.1) lib/active_support/dependencies.rb:240:in `load_dependency'
  activesupport (4.2.1) lib/active_support/dependencies.rb:274:in `require'
  activerecord (4.2.1) lib/active_record/connection_adapters/connection_specification.rb:175:in `spec'
  activerecord (4.2.1) lib/active_record/connection_handling.rb:50:in `establish_connection'
  activerecord (4.2.1) lib/active_record/railtie.rb:120:in `block (2 levels) in <class:Railtie>'
  activesupport (4.2.1) lib/active_support/lazy_load_hooks.rb:38:in `instance_eval'
  activesupport (4.2.1) lib/active_support/lazy_load_hooks.rb:38:in `execute_hook'
  activesupport (4.2.1) lib/active_support/lazy_load_hooks.rb:45:in `block in run_load_hooks'
  activesupport (4.2.1) lib/active_support/lazy_load_hooks.rb:44:in `each'
  activesupport (4.2.1) lib/active_support/lazy_load_hooks.rb:44:in `run_load_hooks'
  activerecord (4.2.1) lib/active_record/base.rb:316:in `<module:ActiveRecord>'
  activerecord (4.2.1) lib/active_record/base.rb:26:in `<top (required)>'
  activesupport (4.2.1) lib/active_support/dependencies.rb:274:in `require'
  activesupport (4.2.1) lib/active_support/dependencies.rb:274:in `block in require'
  activesupport (4.2.1) lib/active_support/dependencies.rb:240:in `load_dependency'
  activesupport (4.2.1) lib/active_support/dependencies.rb:274:in `require'
  activerecord (4.2.1) lib/active_record/migration.rb:384:in `connection'
  activerecord (4.2.1) lib/active_record/migration.rb:371:in `call'
  actionpack (4.2.1) lib/action_dispatch/middleware/callbacks.rb:29:in `block in call'
  activesupport (4.2.1) lib/active_support/callbacks.rb:88:in `_run_callbacks'
  activesupport (4.2.1) lib/active_support/callbacks.rb:776:in `_run_call_callbacks'
  activesupport (4.2.1) lib/active_support/callbacks.rb:81:in `run_callbacks'
  actionpack (4.2.1) lib/action_dispatch/middleware/callbacks.rb:27:in `call'
  actionpack (4.2.1) lib/action_dispatch/middleware/reloader.rb:73:in `call'
  actionpack (4.2.1) lib/action_dispatch/middleware/remote_ip.rb:78:in `call'
  actionpack (4.2.1) lib/action_dispatch/middleware/debug_exceptions.rb:17:in `call'
  web-console (2.3.0) lib/web_console/middleware.rb:28:in `block in call'
  web-console (2.3.0) lib/web_console/middleware.rb:18:in `catch'
  web-console (2.3.0) lib/web_console/middleware.rb:18:in `call'
  actionpack (4.2.1) lib/action_dispatch/middleware/show_exceptions.rb:30:in `call'
  railties (4.2.1) lib/rails/rack/logger.rb:38:in `call_app'
  railties (4.2.1) lib/rails/rack/logger.rb:20:in `block in call'
  activesupport (4.2.1) lib/active_support/tagged_logging.rb:68:in `block in tagged'
  activesupport (4.2.1) lib/active_support/tagged_logging.rb:26:in `tagged'
  activesupport (4.2.1) lib/active_support/tagged_logging.rb:68:in `tagged'
  railties (4.2.1) lib/rails/rack/logger.rb:20:in `call'
  actionpack (4.2.1) lib/action_dispatch/middleware/request_id.rb:21:in `call'
  rack (1.6.4) lib/rack/methodoverride.rb:22:in `call'
  rack (1.6.4) lib/rack/runtime.rb:18:in `call'
  activesupport (4.2.1) lib/active_support/cache/strategy/local_cache_middleware.rb:28:in `call'
  rack (1.6.4) lib/rack/lock.rb:17:in `call'
  actionpack (4.2.1) lib/action_dispatch/middleware/static.rb:113:in `call'
  rack (1.6.4) lib/rack/sendfile.rb:113:in `call'
  railties (4.2.1) lib/rails/engine.rb:518:in `call'
  railties (4.2.1) lib/rails/application.rb:164:in `call'
  rack (1.6.4) lib/rack/content_length.rb:15:in `call'
  puma (3.4.0) lib/puma/configuration.rb:224:in `call'
  puma (3.4.0) lib/puma/server.rb:569:in `handle_request'
  puma (3.4.0) lib/puma/server.rb:406:in `process_client'
  puma (3.4.0) lib/puma/server.rb:271:in `block in run'
  puma (3.4.0) lib/puma/thread_pool.rb:114:in `block in spawn_thread'


  Rendered C:/Ruby23-x64/lib/ruby/gems/2.3.0/gems/actionpack-4.2.1/lib/action_dispatch/middleware/templates/rescues/_source.erb (1.0ms)
  Rendered C:/Ruby23-x64/lib/ruby/gems/2.3.0/gems/actionpack-4.2.1/lib/action_dispatch/middleware/templates/rescues/_trace.html.erb (2.0ms)
  Rendered C:/Ruby23-x64/lib/ruby/gems/2.3.0/gems/actionpack-4.2.1/lib/action_dispatch/middleware/templates/rescues/_request_and_response.html.erb (0.0ms)
  Rendered C:/Ruby23-x64/lib/ruby/gems/2.3.0/gems/actionpack-4.2.1/lib/action_dispatch/middleware/templates/rescues/diagnostics.html.erb within rescues/layout (444.2ms)
  Rendered C:/Ruby23-x64/lib/ruby/gems/2.3.0/gems/web-console-2.3.0/lib/web_console/templates/_markup.html.erb (0.0ms)
  Rendered C:/Ruby23-x64/lib/ruby/gems/2.3.0/gems/web-console-2.3.0/lib/web_console/templates/_inner_console_markup.html.erb within layouts/inlined_string (0.0ms)
  Rendered C:/Ruby23-x64/lib/ruby/gems/2.3.0/gems/web-console-2.3.0/lib/web_console/templates/_prompt_box_markup.html.erb within layouts/inlined_string (0.0ms)
  Rendered C:/Ruby23-x64/lib/ruby/gems/2.3.0/gems/web-console-2.3.0/lib/web_console/templates/style.css.erb within layouts/inlined_string (0.0ms)
  Rendered C:/Ruby23-x64/lib/ruby/gems/2.3.0/gems/web-console-2.3.0/lib/web_console/templates/console.js.erb within layouts/javascript (459.4ms)
  Rendered C:/Ruby23-x64/lib/ruby/gems/2.3.0/gems/web-console-2.3.0/lib/web_console/templates/main.js.erb within layouts/javascript (0.0ms)
  Rendered C:/Ruby23-x64/lib/ruby/gems/2.3.0/gems/web-console-2.3.0/lib/web_console/templates/error_page.js.erb within layouts/javascript (0.0ms)
  Rendered C:/Ruby23-x64/lib/ruby/gems/2.3.0/gems/web-console-2.3.0/lib/web_console/templates/index.html.erb (997.7ms)
